C:\Users\lbalsiger\ProjDev\CrystalAPI\node_modules\node-windows\lib\wrapper.js:177
    child.send('shutdown');
          ^

TypeError: Cannot read property 'send' of null
    at process.killkid (C:\Users\lbalsiger\ProjDev\CrystalAPI\node_modules\node-windows\lib\wrapper.js:177:11)
    at emitNone (events.js:106:13)
    at process.emit (events.js:208:7)
    at Signal.wrap.onsignal (internal/process.js:208:44)
events.js:183
      throw er; // Unhandled 'error' event
      ^

Error [ERR_IPC_CHANNEL_CLOSED]: channel closed
    at ChildProcess.target.send (internal/child_process.js:588:16)
    at process.killkid (C:\Users\lbalsiger\ProjDev\CrystalAPI\node_modules\node-windows\lib\wrapper.js:177:11)
    at emitNone (events.js:106:13)
    at process.emit (events.js:208:7)
    at Signal.wrap.onsignal (internal/process.js:208:44)
events.js:183
      throw er; // Unhandled 'error' event
      ^

Error [ERR_IPC_CHANNEL_CLOSED]: channel closed
    at ChildProcess.target.send (internal/child_process.js:588:16)
    at process.killkid (C:\Users\lbalsiger\ProjDev\CrystalAPI\node_modules\node-windows\lib\wrapper.js:177:11)
    at emitNone (events.js:106:13)
    at process.emit (events.js:208:7)
    at Signal.wrap.onsignal (internal/process.js:208:44)
